[2025-06-07 14:17:03] Usuari: admin - Acció: Logout
[2025-06-07 14:17:13] Usuari: sole - Acció: Registre
[2025-06-07 14:17:28] Usuari: ew - Acció: Registre
[2025-06-07 14:17:51] Usuari: sole - Acció: Login correcte
[2025-06-07 14:17:52] Usuari: sole - Acció: Logout
[2025-06-07 14:18:03] Usuari: admin - Acció: Login correcte
[2025-06-07 14:20:37] Usuari: admin - Acció: Eliminació d'un usuari (admin) - dwa@asml.com
[2025-06-07 14:48:35] Usuari: admin - Acció: Logout
[2025-06-07 16:15:47] Usuari: sole - Acció: Login correcte
[2025-06-07 16:21:58] Usuari: sole - Acció: Logout
[2025-06-07 16:22:18] Usuari: sole - Acció: Login correcte
[2025-06-07 16:23:53] Usuari: sole - Acció: Logout
[2025-06-07 16:24:08] Usuari: sole - Acció: Login correcte
[2025-06-07 16:27:36] Usuari: sole - Acció: Logout
[2025-06-07 16:27:42] Usuari: sole - Acció: Login correcte
[2025-06-07 16:27:46] Usuari: sole - Acció: Logout
[2025-06-07 16:56:32] Usuari: sole - Acció: Login correcte
[2025-06-07 16:58:40] Usuari: sole - Acció: Logout
[2025-06-08 00:37:31] Usuari: sole - Acció: Login correcte
[2025-06-08 00:37:33] Usuari: sole - Acció: Logout
[2025-06-08 09:45:58] Usuari: sole - Acció: Login correcte
[2025-06-08 09:46:01] Usuari: sole - Acció: Logout
[2025-06-08 10:49:01] Usuari: sole - Acció: Login correcte
[2025-06-08 11:46:04] Usuari: sole - Acció: Logout
[2025-06-08 11:46:09] Usuari: sole - Acció: Login correcte
[2025-06-08 11:55:43] Usuari: sole - Acció: Logout
[2025-06-08 11:55:48] Usuari: sole - Acció: Login correcte
[2025-06-08 12:14:45] Usuari: sole - Acció: Logout
[2025-06-08 12:15:18] Usuari: admin - Acció: Login correcte
[2025-06-08 12:15:28] Usuari: admin - Acció: Logout
[2025-06-08 12:51:16] Usuari: sole - Acció: Login correcte
[2025-06-08 13:28:59] Usuari: sole - Acció: Logout
[2025-06-08 13:29:12] Usuari: sole - Acció: Login correcte
[2025-06-08 14:14:26] Usuari: sole - Acció: Logout
[2025-06-08 14:14:31] Usuari: sole - Acció: Login correcte
[2025-06-08 17:02:14] Usuari: sole - Acció: Logout
[2025-06-08 17:48:59] Usuari: admin - Acció: Login correcte
[2025-06-08 18:14:28] Usuari: admin - Acció: Login correcte
[2025-06-08 18:33:05] Usuari: admin - Acció: Logout
[2025-06-08 18:33:26] Usuari: admin - Acció: Login correcte
[2025-06-08 18:36:06] Usuari: admin - Acció: Logout
